0 info it worked if it ends with ok
1 verbose cli [ '/usr/bin/node',
1 verbose cli   '/usr/bin/npm',
1 verbose cli   'install',
1 verbose cli   '-g',
1 verbose cli   'node-inspector' ]
2 info using npm@1.2.32
3 info using node@v0.10.12
4 verbose node symlink /usr/bin/node
5 verbose read json /usr/lib/package.json
6 verbose read json /usr/lib/package.json
7 verbose cache add [ 'node-inspector', null ]
8 verbose cache add name=undefined spec="node-inspector" args=["node-inspector",null]
9 verbose parsed url { protocol: null,
9 verbose parsed url   slashes: null,
9 verbose parsed url   auth: null,
9 verbose parsed url   host: null,
9 verbose parsed url   port: null,
9 verbose parsed url   hostname: null,
9 verbose parsed url   hash: null,
9 verbose parsed url   search: null,
9 verbose parsed url   query: null,
9 verbose parsed url   pathname: 'node-inspector',
9 verbose parsed url   path: 'node-inspector',
9 verbose parsed url   href: 'node-inspector' }
10 silly lockFile 4198ef9e-node-inspector node-inspector
11 verbose lock node-inspector /home/ubuntu/.npm/4198ef9e-node-inspector.lock
12 silly lockFile 4198ef9e-node-inspector node-inspector
13 silly lockFile 4198ef9e-node-inspector node-inspector
14 verbose addNamed [ 'node-inspector', '' ]
15 verbose addNamed [ null, '' ]
16 silly lockFile e68b88da-node-inspector node-inspector@
17 verbose lock node-inspector@ /home/ubuntu/.npm/e68b88da-node-inspector.lock
18 silly addNameRange { name: 'node-inspector', range: '', hasData: false }
19 verbose url raw node-inspector
20 verbose url resolving [ 'https://registry.npmjs.org/', './node-inspector' ]
21 verbose url resolved https://registry.npmjs.org/node-inspector
22 info trying registry request attempt 1 at 23:27:50
23 verbose etag "4SOXCTHP3BBOH9ML9BAA31DTS"
24 http GET https://registry.npmjs.org/node-inspector
25 http 304 https://registry.npmjs.org/node-inspector
26 silly registry.get cb [ 304,
26 silly registry.get   { server: 'CouchDB/1.3.0 (Erlang OTP/R15B03)',
26 silly registry.get     etag: '"4SOXCTHP3BBOH9ML9BAA31DTS"',
26 silly registry.get     date: 'Tue, 09 Jul 2013 23:27:59 GMT',
26 silly registry.get     'content-length': '0' } ]
27 verbose etag node-inspector from cache
28 silly addNameRange number 2 { name: 'node-inspector', range: '', hasData: true }
29 silly addNameRange versions [ 'node-inspector',
29 silly addNameRange   [ '0.0.1',
29 silly addNameRange     '0.0.2',
29 silly addNameRange     '0.0.3',
29 silly addNameRange     '0.0.4',
29 silly addNameRange     '0.1.0',
29 silly addNameRange     '0.1.1',
29 silly addNameRange     '0.1.2',
29 silly addNameRange     '0.1.3',
29 silly addNameRange     '0.1.4',
29 silly addNameRange     '0.1.5',
29 silly addNameRange     '0.1.6',
29 silly addNameRange     '0.1.7',
29 silly addNameRange     '0.1.8',
29 silly addNameRange     '0.1.9',
29 silly addNameRange     '0.1.10',
29 silly addNameRange     '0.2.0beta1',
29 silly addNameRange     '0.2.0beta2',
29 silly addNameRange     '0.2.0beta3',
29 silly addNameRange     '0.2.0beta4',
29 silly addNameRange     '0.3.0preview1' ] ]
30 verbose addNamed [ 'node-inspector', '0.2.0beta4' ]
31 verbose addNamed [ '0.2.0beta4', '0.2.0beta4' ]
32 silly lockFile a798fff4-node-inspector-0-2-0beta4 node-inspector@0.2.0beta4
33 verbose lock node-inspector@0.2.0beta4 /home/ubuntu/.npm/a798fff4-node-inspector-0-2-0beta4.lock
34 verbose read json /home/ubuntu/.npm/node-inspector/0.2.0beta4/package/package.json
35 silly lockFile a798fff4-node-inspector-0-2-0beta4 node-inspector@0.2.0beta4
36 silly lockFile a798fff4-node-inspector-0-2-0beta4 node-inspector@0.2.0beta4
37 silly lockFile e68b88da-node-inspector node-inspector@
38 silly lockFile e68b88da-node-inspector node-inspector@
39 silly resolved [ { name: 'node-inspector',
39 silly resolved     version: '0.2.0beta4',
39 silly resolved     description: 'Web Inspector based nodeJS debugger',
39 silly resolved     homepage: 'http://github.com/dannycoates/node-inspector',
39 silly resolved     author: { name: 'Danny Coates', email: 'dannycoates@gmail.com' },
39 silly resolved     keywords: [ 'debug', 'debugger', 'inspector', 'profiler' ],
39 silly resolved     repository:
39 silly resolved      { type: 'git',
39 silly resolved        url: 'http://github.com/dannycoates/node-inspector.git' },
39 silly resolved     engines: { node: '>=0.6.0' },
39 silly resolved     bin: { 'node-inspector': './bin/inspector.js' },
39 silly resolved     dependencies: { 'socket.io': '0.9.14', connect: '2.7.3', async: '0.2.6' },
39 silly resolved     preferGlobal: true,
39 silly resolved     readme: 'Node Inspector is a debugger interface for nodeJS using the WebKit Web Inspector.\n\n## Getting Started\n\n### Requirements\n\n* [nodeJS](http://github.com/ry/node)\n  - versions: 0.3.0 or later\n* [npm](http://github.com/isaacs/npm)\n* A WebKit based browser: Chrome, Safari, etc.\n\n* Optional [v8-profiler](http://github.com/dannycoates/v8-profiler) to use the profiles panel\n\n### Install\n\n* With [npm](http://github.com/isaacs/npm)\n\n        $ npm install -g node-inspector\n\n### Enable debug mode\n\nTo use node-inspector, enable debugging on the node you wish to debug.\nYou can either start node with a debug flag like:\n\n    $ node --debug your/node/program.js\n\nor, to pause your script on the first line:\n\n    $ node --debug-brk your/short/node/script.js\n\nOr you can enable debugging on a node that is already running by sending\nit a signal:\n\n1. Get the PID of the node process using your favorite method. `pgrep` or `ps -ef` are good\n\n\t\t$ pgrep -l node\n\t\t2345 node your/node/server.js\n\n2. Send it the USR1 signal\n\n\t\t$ kill -s USR1 2345\n\nGreat! Now you are ready to attach node-inspector\n\n### Debugging\n\n1. start the inspector. I usually put it in the background\n\n\t\t$ node-inspector &\n\n2. open http://127.0.0.1:8080/debug?port=5858 in your favorite WebKit based browser\n\n3. you should now see the javascript source from node. If you don\'t, click the scripts tab.\n\n4. select a script and set some breakpoints (far left line numbers)\n\n5. then watch the [screencasts](http://www.youtube.com/view_play_list?p=A5216AC29A41EFA8)\n\nFor more information on getting started see the [wiki](http://github.com/dannycoates/node-inspector/wiki/Getting-Started---from-scratch)\n\nnode-inspector works almost exactly like the web inspector in Safari and\nChrome. Here\'s a good [overview](http://code.google.com/chrome/devtools/docs/scripts.html) of the UI\n\n## FAQ / WTF\n\n1. I don\'t see one of my script files in the file list.\n\n    > try refreshing the browser (F5 or command-r)\n\n2. My script runs too fast to attach the debugger.\n\n    > use `--debug-brk` to pause the script on the first line\n\n3. I got the ui in a weird state.\n\n    > when in doubt, refresh\n    \n4. Can I debug remotely?\n\n    > Yes. node-inspector must be running on the same machine, but your browser can be anywhere. Just make sure port 8080 is accessible\n\n## Inspector options\n\n    --web-port=[port]     port to host the inspector (default 8080)\n\n## Cool stuff\n\n* the WebKit Web Inspector debugger is a great js debugger interface, it works just as well for node\n* uses WebSockets, so no polling for breaks\n* remote debugging\n* javascript top to bottom :)\n* [edit running code](http://github.com/dannycoates/node-inspector/wiki/LiveEdit)\n\n## Known Issues\n\nThis is beta quality code, so use at your own risk:\n\n* be careful about viewing the contents of Buffer objects, each byte is displayed as an individual array element, for anything but tiny Buffers this will take too long to render\n* while not stopped at a breakpoint the console doesn\'t always behave as you might expect\n\n## Profiling\n\n**VERY EXPERIMENTAL**\nI don\'t recommend using this yet\n\nTo use the profiles panel, install the v8-profiler module:\n\n    npm install v8-profiler\n\nTo use it do something like:\n\n```javascript\nvar profiler = require(\'v8-profiler\');\n\nprofiler.startProfiling(\'startup\');\nslowStartupFoo();\nprofiler.stopProfiling(\'startup\');\n\nprofiler.takeSnapshot(\'beforeLeak\');\nleakyFoo();\nprofiler.takeSnapshot(\'afterLeak\');\n```\n\nThen view the profiling results with the profiles panel in node-inspector. You can\nalso take heap snapshots on demand from the profiles panel.\n\n## Thanks\n\nThis project respectfully uses code from and thanks the authors of:\n\n* [WebKit](http://webkit.org/building/checkout.html)\n* [node](http://github.com/ry/node)\n* [socket.io](http://github.com/LearnBoost/socket.io)\n* [node-paperboy](http://github.com/felixge/node-paperboy)\n\n\n',
39 silly resolved     readmeFilename: 'readme.md',
39 silly resolved     bugs: { url: 'https://github.com/dannycoates/node-inspector/issues' },
39 silly resolved     _id: 'node-inspector@0.2.0beta4',
39 silly resolved     _from: 'node-inspector@' } ]
40 info install node-inspector@0.2.0beta4 into /usr/lib
41 info installOne node-inspector@0.2.0beta4
42 verbose from cache /home/ubuntu/.npm/node-inspector/0.2.0beta4/package/package.json
43 info /usr/lib/node_modules/node-inspector unbuild
44 verbose read json /usr/lib/node_modules/node-inspector/package.json
45 info preuninstall node-inspector@0.2.0beta4
46 info uninstall node-inspector@0.2.0beta4
47 verbose true,/usr/lib/node_modules,/usr/lib/node_modules unbuild node-inspector@0.2.0beta4
48 verbose /usr/bin,[object Object] binRoot
49 info /usr/lib/node_modules/node-inspector unbuild
50 verbose read json /usr/lib/node_modules/node-inspector/package.json
51 info preuninstall node-inspector@0.2.0beta4
52 info uninstall node-inspector@0.2.0beta4
53 verbose true,/usr/lib/node_modules,/usr/lib/node_modules unbuild node-inspector@0.2.0beta4
54 verbose /usr/bin,[object Object] binRoot
55 error error rolling back Error: EACCES, unlink '/usr/bin/node-inspector'
55 error error rolling back  node-inspector@0.2.0beta4 { [Error: EACCES, unlink '/usr/bin/node-inspector'] errno: 3, code: 'EACCES', path: '/usr/bin/node-inspector' }
56 error Error: EACCES, unlink '/usr/bin/node-inspector'
56 error  { [Error: EACCES, unlink '/usr/bin/node-inspector'] errno: 3, code: 'EACCES', path: '/usr/bin/node-inspector' }
57 error Please try running this command again as root/Administrator.
58 error System Linux 3.2.0-40-virtual
59 error command "/usr/bin/node" "/usr/bin/npm" "install" "-g" "node-inspector"
60 error cwd /home/ubuntu/bitstarter/bitstarter
61 error node -v v0.10.12
62 error npm -v 1.2.32
63 error path /usr/bin/node-inspector
64 error code EACCES
65 error errno 3
66 error stack Error: EACCES, unlink '/usr/bin/node-inspector'
67 verbose exit [ 3, true ]
